<?xml version="1.0" encoding="UTF-8"?>
<!-- Generated by org.testng.reporters.JUnitXMLReporter -->
<testsuite hostname="RajasekharaReddy" failures="0" tests="1" name="Test" time="19.97" errors="0" timestamp="11 Jul 2020 14:10:08 GMT">
  <testcase classname="Com.LearnAutomation.TestCases.TC_01_LoginPage" name="@AfterMethod teardowmMethod" time="0.0">
    <failure type="java.lang.NullPointerException">
      <![CDATA[java.lang.NullPointerException
	at Com.LearnAutomation.Utilities.Helpers.CaptureScreenShot(Helpers.java:23)
	at Com.LearnAutomation.Pages.BaseClass.teardowmMethod(BaseClass.java:80)
... Removed 26 stack frames]]>
    </failure>
  </testcase> <!-- @AfterMethod teardowmMethod -->
  <testcase classname="Com.LearnAutomation.TestCases.TC_01_LoginPage" name="@AfterClass teardown" time="0.0">
    <skipped/>
  </testcase> <!-- @AfterClass teardown -->
  <testcase classname="Com.LearnAutomation.TestCases.TC_01_LoginPage" name="loginpageApp" time="4.136"/>
</testsuite> <!-- Test -->
