<?xml version="1.0" encoding="UTF-8"?>
<testng-results total="1" passed="1" failed="0" skipped="0">
  <reporter-output>
    <line>
      <![CDATA[Setting up and Test Started, true]]>
    </line>
    <line>
      <![CDATA[Setting done-Test Can be Started]]>
    </line>
    <line>
      <![CDATA[Trying to start Browser]]>
    </line>
    <line>
      <![CDATA[Browser started and application uis uop abd running]]>
    </line>
  </reporter-output>
  <suite started-at="2020-07-11T14:09:48Z" name="Suite" finished-at="2020-07-11T14:10:08Z" duration-ms="19970">
    <groups>
    </groups>
    <test started-at="2020-07-11T14:09:48Z" name="Test" finished-at="2020-07-11T14:10:08Z" duration-ms="19970">
      <class name="Com.LearnAutomation.TestCases.TC_01_LoginPage">
        <test-method is-config="true" signature="setUpSuite()[pri:0, instance:Com.LearnAutomation.TestCases.TC_01_LoginPage@6fdbe764]" started-at="2020-07-11T19:39:47Z" name="setUpSuite" finished-at="2020-07-11T19:39:48Z" duration-ms="817" status="PASS">
          <reporter-output>
            <line>
              <![CDATA[Setting up and Test Started, true]]>
            </line>
            <line>
              <![CDATA[Setting done-Test Can be Started]]>
            </line>
          </reporter-output>
        </test-method> <!-- setUpSuite -->
        <test-method is-config="true" signature="setUp()[pri:0, instance:Com.LearnAutomation.TestCases.TC_01_LoginPage@6fdbe764]" started-at="2020-07-11T19:39:48Z" name="setUp" finished-at="2020-07-11T19:40:04Z" duration-ms="15778" status="PASS">
          <reporter-output>
            <line>
              <![CDATA[Trying to start Browser]]>
            </line>
            <line>
              <![CDATA[Browser started and application uis uop abd running]]>
            </line>
          </reporter-output>
        </test-method> <!-- setUp -->
        <test-method signature="loginpageApp()[pri:0, instance:Com.LearnAutomation.TestCases.TC_01_LoginPage@6fdbe764]" started-at="2020-07-11T19:40:04Z" name="loginpageApp" finished-at="2020-07-11T19:40:08Z" duration-ms="4136" status="PASS">
          <reporter-output>
          </reporter-output>
        </test-method> <!-- loginpageApp -->
        <test-method is-config="true" signature="teardowmMethod(org.testng.ITestResult)[pri:0, instance:Com.LearnAutomation.TestCases.TC_01_LoginPage@6fdbe764]" started-at="2020-07-11T19:40:08Z" name="teardowmMethod" finished-at="2020-07-11T19:40:08Z" duration-ms="0" status="FAIL">
          <params>
            <param index="0">
              <value>
                <![CDATA[[TestResult name=loginpageApp status=SUCCESS method=TC_01_LoginPage.loginpageApp()[pri:0, instance:Com.LearnAutomation.TestCases.TC_01_LoginPage@6fdbe764] output={null}]]]>
              </value>
            </param>
          </params>
          <exception class="java.lang.NullPointerException">
            <full-stacktrace>
              <![CDATA[java.lang.NullPointerException
	at Com.LearnAutomation.Utilities.Helpers.CaptureScreenShot(Helpers.java:23)
	at Com.LearnAutomation.Pages.BaseClass.teardowmMethod(BaseClass.java:80)
	at java.base/jdk.internal.reflect.NativeMethodAccessorImpl.invoke0(Native Method)
	at java.base/jdk.internal.reflect.NativeMethodAccessorImpl.invoke(NativeMethodAccessorImpl.java:62)
	at java.base/jdk.internal.reflect.DelegatingMethodAccessorImpl.invoke(DelegatingMethodAccessorImpl.java:43)
	at java.base/java.lang.reflect.Method.invoke(Method.java:564)
	at org.testng.internal.MethodInvocationHelper.invokeMethod(MethodInvocationHelper.java:86)
	at org.testng.internal.Invoker.invokeConfigurationMethod(Invoker.java:514)
	at org.testng.internal.Invoker.invokeConfigurations(Invoker.java:215)
	at org.testng.internal.Invoker.invokeMethod(Invoker.java:707)
	at org.testng.internal.Invoker.invokeTestMethod(Invoker.java:820)
	at org.testng.internal.Invoker.invokeTestMethods(Invoker.java:1128)
	at org.testng.internal.TestMethodWorker.invokeTestMethods(TestMethodWorker.java:129)
	at org.testng.internal.TestMethodWorker.run(TestMethodWorker.java:112)
	at org.testng.TestRunner.privateRun(TestRunner.java:782)
	at org.testng.TestRunner.run(TestRunner.java:632)
	at org.testng.SuiteRunner.runTest(SuiteRunner.java:366)
	at org.testng.SuiteRunner.runSequentially(SuiteRunner.java:361)
	at org.testng.SuiteRunner.privateRun(SuiteRunner.java:319)
	at org.testng.SuiteRunner.run(SuiteRunner.java:268)
	at org.testng.SuiteRunnerWorker.runSuite(SuiteRunnerWorker.java:52)
	at org.testng.SuiteRunnerWorker.run(SuiteRunnerWorker.java:86)
	at org.testng.TestNG.runSuitesSequentially(TestNG.java:1244)
	at org.testng.TestNG.runSuitesLocally(TestNG.java:1169)
	at org.testng.TestNG.run(TestNG.java:1064)
	at org.testng.remote.AbstractRemoteTestNG.run(AbstractRemoteTestNG.java:115)
	at org.testng.remote.RemoteTestNG.initAndRun(RemoteTestNG.java:251)
	at org.testng.remote.RemoteTestNG.main(RemoteTestNG.java:77)
]]>
            </full-stacktrace>
          </exception> <!-- java.lang.NullPointerException -->
          <reporter-output>
          </reporter-output>
        </test-method> <!-- teardowmMethod -->
        <test-method is-config="true" signature="teardown()[pri:0, instance:Com.LearnAutomation.TestCases.TC_01_LoginPage@6fdbe764]" started-at="2020-07-11T19:40:08Z" name="teardown" finished-at="2020-07-11T19:40:08Z" duration-ms="0" status="SKIP">
          <reporter-output>
          </reporter-output>
        </test-method> <!-- teardown -->
      </class> <!-- Com.LearnAutomation.TestCases.TC_01_LoginPage -->
    </test> <!-- Test -->
  </suite> <!-- Suite -->
</testng-results>
